<?xml version="1.0" encoding="UTF-8"?>
<!-- Generated by org.testng.reporters.JUnitReportReporter -->
<testsuite hostname="Vaibhav" failures="0" tests="1" name="com.test.LoginTest" time="1.095" errors="0" timestamp="2024-11-26T16:22:21 IST" skipped="0">
  <testcase classname="com.test.LoginTest" name="loginWithValidUserNameAndValidPassword" time="1.095"/>
  <system-out/>
</testsuite> <!-- com.test.LoginTest -->
